<?xml version="1.0" encoding="UTF-8"?>
<testng-results skipped="0" failed="0" ignored="0" total="1" passed="1">
  <reporter-output>
  </reporter-output>
  <suite name="Default suite" duration-ms="56137" started-at="2019-01-07T10:43:49Z" finished-at="2019-01-07T10:44:45Z">
    <groups>
      <group name="cucumber">
        <method signature="AbstractTestNGCucumberTests.feature(cucumber.api.testng.CucumberFeatureWrapper)[pri:0, instance:acto.testRunners.TestRunner@16022d9d]" name="feature" class="cucumber.api.testng.AbstractTestNGCucumberTests"/>
      </group> <!-- cucumber -->
    </groups>
    <test name="Default test" duration-ms="56137" started-at="2019-01-07T10:43:49Z" finished-at="2019-01-07T10:44:45Z">
      <class name="acto.testRunners.TestRunner">
        <test-method status="PASS" signature="setUpClass()[pri:0, instance:acto.testRunners.TestRunner@16022d9d]" name="setUpClass" is-config="true" duration-ms="485" started-at="2019-01-07T10:43:49Z" finished-at="2019-01-07T10:43:50Z">
          <reporter-output>
          </reporter-output>
        </test-method> <!-- setUpClass -->
        <test-method status="PASS" signature="feature(cucumber.api.testng.CucumberFeatureWrapper)[pri:0, instance:acto.testRunners.TestRunner@16022d9d]" name="feature" duration-ms="55500" started-at="2019-01-07T10:43:50Z" description="Runs Cucumber Feature" data-provider="features" finished-at="2019-01-07T10:44:45Z">
          <params>
            <param index="0">
              <value>
                <![CDATA[Login Functionality]]>
              </value>
            </param>
          </params>
          <reporter-output>
          </reporter-output>
        </test-method> <!-- feature -->
        <test-method status="PASS" signature="tearDownClass()[pri:0, instance:acto.testRunners.TestRunner@16022d9d]" name="tearDownClass" is-config="true" duration-ms="14" started-at="2019-01-07T10:44:45Z" finished-at="2019-01-07T10:44:45Z">
          <reporter-output>
          </reporter-output>
        </test-method> <!-- tearDownClass -->
      </class> <!-- acto.testRunners.TestRunner -->
    </test> <!-- Default test -->
  </suite> <!-- Default suite -->
</testng-results>
